<?xml version="1.0" encoding="UTF-8"?>
<testsuite xmlns:xsi="http://www.w3.org/2001/XMLSchema-instance" xsi:noNamespaceSchemaLocation="https://maven.apache.org/surefire/maven-surefire-plugin/xsd/surefire-test-report.xsd" version="3.0.2" name="com.example.sensor_readings.controller.SensorReadingControllerIntegrationTest" time="9.805" tests="7" errors="0" skipped="0" failures="0">
  <properties>
[...]
</properties>
  <testcase name="testaverageMetricValuesInDateRange_success(String, String, String, String, String)[1]" classname="com.example.sensor_readings.controller.SensorReadingControllerIntegrationTest" time="1.329">
    <system-out><![CDATA[
  .   ____          _            __ _ _
 /\\ / ___'_ __ _ _(_)_ __  __ _ \ \ \ \
( ( )\___ | '_ | '_| | '_ \/ _` | \ \ \ \
 \\/  ___)| |_)| | | | | || (_| |  ) ) ) )
  '  |____| .__|_| |_|_| |_\__, | / / / /
 =========|_|==============|___/=/_/_/_/

 :: Spring Boot ::       (v4.0.0-SNAPSHOT)

2025-06-01T00:41:34.184+01:00  INFO 96629 --- [sensor-readings] [           main] c.SensorReadingControllerIntegrationTest : Starting SensorReadingControllerIntegrationTest using Java 21.0.7 with PID 96629 (started by thulepham in /Users/thulepham/Data/05_Projects/sensor-readings)
2025-06-01T00:41:34.199+01:00  INFO 96629 --- [sensor-readings] [           main] c.SensorReadingControllerIntegrationTest : No active profile set, falling back to 1 default profile: "default"
2025-06-01T00:41:35.752+01:00  INFO 96629 --- [sensor-readings] [           main] .s.d.r.c.RepositoryConfigurationDelegate : Bootstrapping Spring Data JPA repositories in DEFAULT mode.
2025-06-01T00:41:35.857+01:00  INFO 96629 --- [sensor-readings] [           main] .s.d.r.c.RepositoryConfigurationDelegate : Finished Spring Data repository scanning in 86 ms. Found 1 JPA repository interface.
2025-06-01T00:41:36.663+01:00  INFO 96629 --- [sensor-readings] [           main] o.hibernate.jpa.internal.util.LogHelper  : HHH000204: Processing PersistenceUnitInfo [name: default]
2025-06-01T00:41:36.750+01:00  INFO 96629 --- [sensor-readings] [           main] org.hibernate.Version                    : HHH000412: Hibernate ORM core version 7.0.0.CR1
2025-06-01T00:41:37.563+01:00  INFO 96629 --- [sensor-readings] [           main] o.s.o.j.p.SpringPersistenceUnitInfo      : No LoadTimeWeaver setup: ignoring JPA class transformer
2025-06-01T00:41:37.611+01:00  INFO 96629 --- [sensor-readings] [           main] com.zaxxer.hikari.HikariDataSource       : HikariPool-1 - Starting...
2025-06-01T00:41:37.926+01:00  INFO 96629 --- [sensor-readings] [           main] com.zaxxer.hikari.pool.HikariPool        : HikariPool-1 - Added connection conn0: url=jdbc:h2:mem:test user=SA
2025-06-01T00:41:37.928+01:00  INFO 96629 --- [sensor-readings] [           main] com.zaxxer.hikari.HikariDataSource       : HikariPool-1 - Start completed.
2025-06-01T00:41:37.968+01:00  WARN 96629 --- [sensor-readings] [           main] org.hibernate.orm.deprecation            : HHH90000025: H2Dialect does not need to be specified explicitly using 'hibernate.dialect' (remove the property setting and it will be selected by default)
2025-06-01T00:41:37.994+01:00  INFO 96629 --- [sensor-readings] [           main] org.hibernate.orm.connections.pooling    : HHH10001005: Database info:
	Database JDBC URL [jdbc:h2:mem:test]
	Database driver: H2 JDBC Driver
	Database version: 2.3.232
	Autocommit mode: undefined/unknown
	Isolation level: READ_COMMITTED [default READ_COMMITTED]
	Pool: DatasourceConnectionProviderImpl
	Minimum pool size: undefined/unknown
	Maximum pool size: undefined/unknown
2025-06-01T00:41:39.242+01:00  INFO 96629 --- [sensor-readings] [           main] o.h.e.t.j.p.i.JtaPlatformInitiator       : HHH000489: No JTA platform available (set 'hibernate.transaction.jta.platform' to enable JTA platform integration)
2025-06-01T00:41:39.310+01:00  INFO 96629 --- [sensor-readings] [           main] j.LocalContainerEntityManagerFactoryBean : Initialized JPA EntityManagerFactory for persistence unit 'default'
2025-06-01T00:41:39.447+01:00  INFO 96629 --- [sensor-readings] [           main] o.s.d.j.r.query.QueryEnhancerFactories   : Hibernate is in classpath; If applicable, HQL parser will be used.
2025-06-01T00:41:39.963+01:00  WARN 96629 --- [sensor-readings] [           main] JpaBaseConfiguration$JpaWebConfiguration : spring.jpa.open-in-view is enabled by default. Therefore, database queries may be performed during view rendering. Explicitly configure spring.jpa.open-in-view to disable this warning
2025-06-01T00:41:40.039+01:00  INFO 96629 --- [sensor-readings] [           main] o.s.v.b.OptionalValidatorFactoryBean     : Failed to set up a Bean Validation provider: jakarta.validation.NoProviderFoundException: Unable to create a Configuration, because no Jakarta Validation provider could be found. Add a provider like Hibernate Validator (RI) to your classpath.
2025-06-01T00:41:40.732+01:00  INFO 96629 --- [sensor-readings] [           main] o.s.b.a.h2.H2ConsoleAutoConfiguration    : H2 console available at '/h2-console'. Database available at 'jdbc:h2:mem:test'
2025-06-01T00:41:40.897+01:00  INFO 96629 --- [sensor-readings] [           main] o.s.b.t.m.w.SpringBootMockServletContext : Initializing Spring TestDispatcherServlet ''
2025-06-01T00:41:40.898+01:00  INFO 96629 --- [sensor-readings] [           main] o.s.t.web.servlet.TestDispatcherServlet  : Initializing Servlet ''
2025-06-01T00:41:40.901+01:00  INFO 96629 --- [sensor-readings] [           main] o.s.t.web.servlet.TestDispatcherServlet  : Completed initialization in 2 ms
2025-06-01T00:41:40.943+01:00  INFO 96629 --- [sensor-readings] [           main] c.SensorReadingControllerIntegrationTest : Started SensorReadingControllerIntegrationTest in 7.341 seconds (process running for 9.342)
]]></system-out>
    <system-err><![CDATA[Mockito is currently self-attaching to enable the inline-mock-maker. This will no longer work in future releases of the JDK. Please add Mockito as an agent to your build as described in Mockito's documentation: https://javadoc.io/doc/org.mockito/mockito-core/latest/org.mockito/org/mockito/Mockito.html#0.3
WARNING: A Java agent has been loaded dynamically (/Users/thulepham/.m2/repository/net/bytebuddy/byte-buddy-agent/1.17.5/byte-buddy-agent-1.17.5.jar)
WARNING: If a serviceability tool is in use, please run with -XX:+EnableDynamicAgentLoading to hide this warning
WARNING: If a serviceability tool is not in use, please run with -Djdk.instrument.traceUsage for more information
WARNING: Dynamic loading of agents will be disallowed by default in a future release
]]></system-err>
  </testcase>
  <testcase name="testaverageMetricValuesInDateRange_success(String, String, String, String, String)[2]" classname="com.example.sensor_readings.controller.SensorReadingControllerIntegrationTest" time="0.02"/>
  <testcase name="testaverageMetricValuesInDateRange_success(String, String, String, String, String)[3]" classname="com.example.sensor_readings.controller.SensorReadingControllerIntegrationTest" time="0.019"/>
  <testcase name="testaverageMetricValuesInDateRange_exception(String)[1]" classname="com.example.sensor_readings.controller.SensorReadingControllerIntegrationTest" time="0.02"/>
  <testcase name="testaverageMetricValuesInDateRange_exception(String)[2]" classname="com.example.sensor_readings.controller.SensorReadingControllerIntegrationTest" time="0.014"/>
  <testcase name="testaverageMetricValuesInDateRange_exception(String)[3]" classname="com.example.sensor_readings.controller.SensorReadingControllerIntegrationTest" time="0.011"/>
  <testcase name="testAddSensorReading" classname="com.example.sensor_readings.controller.SensorReadingControllerIntegrationTest" time="0.159"/>
</testsuite>